<?xml version="1.0" encoding="UTF-8"?>
<!-- Generated by org.testng.reporters.JUnitXMLReporter -->
<testsuite hostname="DESKTOP-T682CD6" ignored="1" name="Disabling Test" tests="3" failures="0" timestamp="16 Apr 2020 07:12:48 GMT" time="190.868" errors="0">
  <testcase name="amazon" time="5.139" classname="com.java.testNG.DisablingTestCase"/>
  <testcase name="myntra" time="76.394" classname="com.java.testNG.DisablingTestCase"/>
  <testcase name="waveinn" time="63.26" classname="com.java.testNG.DisablingTestCase"/>
  <testcase name="flipcart" time="0.0" classname="com.java.testNG.DisablingTestCase">
    <ignored/>
  </testcase> <!-- flipcart -->
</testsuite> <!-- Disabling Test -->
