<?xml version="1.0" encoding="UTF-8"?>
<!-- Generated by org.testng.reporters.JUnitXMLReporter -->
<testsuite hostname="DESKTOP-T682CD6" ignored="2" name="Regression" tests="4" failures="0" timestamp="09 Mar 2020 07:37:33 GMT" time="193.622" errors="0">
  <testcase name="ask" time="38.585" classname="com.java.testNG.GroupingTestCases"/>
  <testcase name="bing" time="5.513" classname="com.java.testNG.GroupingTestCases"/>
  <testcase name="google" time="5.467" classname="com.java.testNG.GroupingTestCases"/>
  <testcase name="yahoo" time="96.185" classname="com.java.testNG.GroupingTestCases"/>
  <testcase name="msn" time="0.0" classname="com.java.testNG.GroupingTestCases">
    <ignored/>
  </testcase> <!-- msn -->
  <testcase name="baidu" time="0.0" classname="com.java.testNG.GroupingTestCases">
    <ignored/>
  </testcase> <!-- baidu -->
</testsuite> <!-- Regression -->
