<?xml version="1.0" encoding="UTF-8"?>
<!-- Generated by org.testng.reporters.JUnitXMLReporter -->
<testsuite hostname="DESKTOP-T682CD6" ignored="0" name="parallel Test" tests="1" failures="1" timestamp="10 Mar 2020 11:31:39 GMT" time="0.141" errors="0">
  <testcase name="windowHandle" time="0.047" classname="com.java.testNG.WindowHandlingAmazon">
    <failure type="java.lang.NullPointerException">
      <![CDATA[java.lang.NullPointerException
at com.java.testNG.WindowHandlingAmazon.windowHandle(WindowHandlingAmazon.java:19)
at java.util.concurrent.ThreadPoolExecutor.runWorker(ThreadPoolExecutor.java:1149)
at java.util.concurrent.ThreadPoolExecutor$Worker.run(ThreadPoolExecutor.java:624)
at java.lang.Thread.run(Thread.java:748)
... Removed 10 stack frames]]>
    </failure>
  </testcase> <!-- windowHandle -->
</testsuite> <!-- parallel Test -->
