<?xml version="1.0" encoding="UTF-8"?>
<!-- Generated by org.testng.reporters.JUnitXMLReporter -->
<testsuite hostname="DESKTOP-T682CD6" ignored="0" name="test cases3" tests="3" failures="0" timestamp="06 Mar 2020 02:26:27 GMT" time="257.682" errors="0">
  <testcase name="OpenBing" time="40.98" classname="testNG.SuiteTestCses"/>
  <testcase name="OpenGoogle" time="77.059" classname="testNG.SuiteTestCses"/>
  <testcase name="OpenYahoo" time="139.618" classname="testNG.SuiteTestCses"/>
</testsuite> <!-- test cases3 -->
