<?xml version="1.0" encoding="UTF-8"?>
<!-- Generated by org.testng.reporters.JUnitXMLReporter -->
<testsuite hostname="DESKTOP-T682CD6" ignored="0" name="Test parallel" tests="4" failures="0" timestamp="10 Mar 2020 07:07:54 GMT" time="100.144" errors="0">
  <testcase name="Bing" time="11.867" classname="com.java.testNG.PiorityTest"/>
  <testcase name="google" time="25.515" classname="com.java.testNG.PiorityTest"/>
  <testcase name="goToGoogle" time="5.61" classname="com.java.testNG.Dependenties"/>
  <testcase name="url" time="12.137" classname="com.java.testNG.Dependenties"/>
</testsuite> <!-- Test parallel -->
