<?xml version="1.0" encoding="UTF-8"?>
<!-- Generated by org.testng.reporters.JUnitXMLReporter -->
<testsuite hostname="DESKTOP-T682CD6" ignored="0" name="Test cases1" tests="3" failures="0" timestamp="06 Mar 2020 02:22:09 GMT" time="0.188" errors="0">
  <testcase name="School" time="0.009" classname="testNG.DependsOn"/>
  <testcase name="College" time="0.003" classname="testNG.DependsOn"/>
  <testcase name="Interview" time="0.019" classname="testNG.DependsOn"/>
</testsuite> <!-- Test cases1 -->
