<?xml version="1.0" encoding="UTF-8"?>
<!-- Generated by org.testng.reporters.JUnitXMLReporter -->
<testsuite hostname="DESKTOP-T682CD6" ignored="0" name="Test" tests="4" failures="0" timestamp="27 Jul 2020 16:16:42 GMT" time="36.115" errors="0">
  <testcase name="loginTest" time="5.711" classname="com.java.exercise.LoginApp"/>
  <testcase name="loginTest" time="2.163" classname="com.java.exercise.LoginApp"/>
  <testcase name="loginTest" time="2.283" classname="com.java.exercise.LoginApp"/>
  <testcase name="loginTest" time="25.164" classname="com.java.exercise.LoginApp"/>
</testsuite> <!-- Test -->
