<?xml version="1.0" encoding="UTF-8"?>
<!-- Generated by org.testng.reporters.JUnitXMLReporter -->
<testsuite hostname="DESKTOP-T682CD6" ignored="0" name="test cases4" tests="3" failures="0" timestamp="06 Mar 2020 02:27:12 GMT" time="44.37" errors="0">
  <testcase name="OpenGoogle" time="6.783" classname="testNG.SuiteTestTwo"/>
  <testcase name="OpenBing" time="2.043" classname="testNG.SuiteTestTwo"/>
  <testcase name="OpenYahoo" time="35.532" classname="testNG.SuiteTestTwo"/>
</testsuite> <!-- test cases4 -->
