<?xml version="1.0" encoding="UTF-8"?>
<!-- Generated by org.testng.reporters.JUnitXMLReporter -->
<testsuite hostname="DESKTOP-T682CD6" ignored="0" name="test cases2" tests="3" failures="0" timestamp="06 Mar 2020 02:22:09 GMT" time="0.072" errors="0">
  <testcase name="displayzero" time="0.01" classname="testNG.MyFirstTest"/>
  <testcase name="displayone" time="0.005" classname="testNG.MyFirstTest"/>
  <testcase name="displayTwo" time="0.008" classname="testNG.MyFirstTest"/>
</testsuite> <!-- test cases2 -->
