<?xml version="1.0" encoding="UTF-8"?>
<!-- Generated by org.testng.reporters.JUnitXMLReporter -->
<testsuite hostname="DESKTOP-T682CD6" ignored="0" tests="0" failures="0" timestamp="10 Mar 2020 04:56:12 GMT" time="0.042" errors="0">
  <testcase name="@BeforeTest goToGoogle" time="0.001" classname="com.java.testNG.Parametrization">
    <failure type="java.lang.NullPointerException">
      <![CDATA[java.lang.NullPointerException
at com.java.testNG.Parametrization.goToGoogle(Parametrization.java:34)
... Removed 24 stack frames]]>
    </failure>
  </testcase> <!-- @BeforeTest goToGoogle -->
  <testcase name="@AfterTest url" time="0.0" classname="com.java.testNG.Parametrization">
    <skipped/>
  </testcase> <!-- @AfterTest url -->
</testsuite>
