<?xml version="1.0" encoding="UTF-8"?>
<!-- Generated by org.testng.reporters.JUnitXMLReporter -->
<testsuite hostname="DESKTOP-T682CD6" ignored="0" name="Test" tests="2" failures="1" timestamp="10 Mar 2020 03:47:59 GMT" time="0.082" errors="0">
  <testcase name="goToGoogle" time="0.009" classname="com.java.testNG.Parametrization">
    <failure type="java.lang.NullPointerException">
      <![CDATA[java.lang.NullPointerException
at com.java.testNG.Parametrization.goToGoogle(Parametrization.java:30)
... Removed 25 stack frames]]>
    </failure>
  </testcase> <!-- goToGoogle -->
  <testcase name="url" time="0.0" classname="com.java.testNG.Parametrization">
    <skipped/>
  </testcase> <!-- url -->
</testsuite> <!-- Test -->
