<?xml version="1.0" encoding="UTF-8"?>
<!-- Generated by org.testng.reporters.JUnitXMLReporter -->
<testsuite hostname="DESKTOP-T682CD6" ignored="4" name="Test cases" tests="4" failures="0" timestamp="16 Apr 2020 06:03:41 GMT" time="0.156" errors="0">
  <testcase name="lenovo1" time="0.031" classname="testNG.GroupingExamples"/>
  <testcase name="lenovo2" time="0.0" classname="testNG.GroupingExamples"/>
  <testcase name="vivo1" time="0.015" classname="testNG.GroupingExamples"/>
  <testcase name="vivo2" time="0.016" classname="testNG.GroupingExamples"/>
  <testcase name="moto2" time="0.0" classname="testNG.GroupingExamples">
    <ignored/>
  </testcase> <!-- moto2 -->
  <testcase name="apple1" time="0.0" classname="testNG.GroupingExamples">
    <ignored/>
  </testcase> <!-- apple1 -->
  <testcase name="apple2" time="0.0" classname="testNG.GroupingExamples">
    <ignored/>
  </testcase> <!-- apple2 -->
  <testcase name="moto1" time="0.0" classname="testNG.GroupingExamples">
    <ignored/>
  </testcase> <!-- moto1 -->
</testsuite> <!-- Test cases -->
